Using pre-set license
Built from '2020.2/staging' branch; Version is '2020.2.6f1 (8a2143876886) revision 9052483'; Using compiler version '192528614'; Build Type 'Release'
OS: 'Windows 10 Home; OS build 19041.804; Version 2004; 64bit' Language: 'ja' Physical Memory: 16312 MB
BatchMode: 1, IsHumanControllingUs: 0, StartBugReporterOnCrash: 0, Is64bit: 1, IsPro: 0

 COMMAND LINE ARGUMENTS:
D:\Unity Editor\2020.2.6f1\Editor\Unity.exe
-adb2
-batchMode
-noUpm
-name
AssetImportWorker0
-projectPath
D:/GitHubRepositories/grid-like-board-game/Grid-like Board Game
-logFile
Logs/AssetImportWorker0.log
-srvPort
51234
Successfully changed project path to: D:/GitHubRepositories/grid-like-board-game/Grid-like Board Game
D:/GitHubRepositories/grid-like-board-game/Grid-like Board Game
Using Asset Import Pipeline V2.
Refreshing native plugins compatible for Editor in 30.43 ms, found 1 plugins.
Preloading 0 native plugins for Editor in 0.00 ms.
Initialize engine version: 2020.2.6f1 (8a2143876886)
[Subsystems] Discovering subsystems at path D:/Unity Editor/2020.2.6f1/Editor/Data/Resources/UnitySubsystems
[Subsystems] Discovering subsystems at path D:/GitHubRepositories/grid-like-board-game/Grid-like Board Game/Assets
GfxDevice: creating device client; threaded=0
Direct3D:
    Version:  Direct3D 11.0 [level 11.1]
    Renderer: NVIDIA GeForce RTX 2070 SUPER (ID=0x1e84)
    Vendor:   
    VRAM:     8011 MB
    Driver:   27.21.14.5671
Initialize mono
Mono path[0] = 'D:/Unity Editor/2020.2.6f1/Editor/Data/Managed'
Mono path[1] = 'D:/Unity Editor/2020.2.6f1/Editor/Data/MonoBleedingEdge/lib/mono/unityjit'
Mono config path = 'D:/Unity Editor/2020.2.6f1/Editor/Data/MonoBleedingEdge/etc'
Using monoOptions --debugger-agent=transport=dt_socket,embedding=1,server=y,suspend=n,address=127.0.0.1:56084
Begin MonoManager ReloadAssembly
Registering precompiled unity dll's ...
Register platform support module: D:/Unity Editor/2020.2.6f1/Editor/Data/PlaybackEngines/WindowsStandaloneSupport/UnityEditor.WindowsStandalone.Extensions.dll
Registered in 0.001166 seconds.
Native extension for WindowsStandalone target not found
Refreshing native plugins compatible for Editor in 30.47 ms, found 1 plugins.
Preloading 0 native plugins for Editor in 0.00 ms.
Invoked RoslynAnalysisRunner static constructor.
RoslynAnalysisRunner will not be running.
RoslynAnalysisRunner has terminated.
Mono: successfully reloaded assembly
- Completed reload, in  0.731 seconds
Platform modules already initialized, skipping
Registering precompiled user dll's ...
Registered in 0.000943 seconds.
Begin MonoManager ReloadAssembly
Native extension for WindowsStandalone target not found
Refreshing native plugins compatible for Editor in 30.48 ms, found 1 plugins.
Preloading 0 native plugins for Editor in 0.00 ms.
Invoked RoslynAnalysisRunner static constructor.
RoslynAnalysisRunner will not be running.
RoslynAnalysisRunner has terminated.
Mono: successfully reloaded assembly
- Completed reload, in  0.684 seconds
Platform modules already initialized, skipping
========================================================================
Worker process is ready to serve import requests
Launched and connected shader compiler UnityShaderCompiler.exe after 0.03 seconds
Refreshing native plugins compatible for Editor in 0.61 ms, found 1 plugins.
Preloading 0 native plugins for Editor in 0.00 ms.
Unloading 1796 Unused Serialized files (Serialized files now loaded: 0)
System memory in use before: 87.0 MB.
System memory in use after: 87.0 MB.

Unloading 24 unused Assets to reduce memory usage. Loaded Objects now: 2237.
Total: 1.943900 ms (FindLiveObjects: 0.243100 ms CreateObjectMapping: 0.054600 ms MarkObjects: 1.533800 ms  DeleteObjects: 0.111200 ms)

========================================================================
Received Import Request.
  path: Assets/Scenes
  artifactKey: Guid(cdd22e653da1cf2448f0a7a640c9dfd9) Importer(815301076,1909f56bfc062723c751e8b465ee728b)
Start importing Assets/Scenes using Guid(cdd22e653da1cf2448f0a7a640c9dfd9) Importer(815301076,1909f56bfc062723c751e8b465ee728b)  -> (artifact id: '7598d6c7d2fef5750be11a4d7fb8dfc4') in 0.016565 seconds
  Import took 0.019120 seconds .

========================================================================
Received Import Request.
  Time since last request: 20.128646 seconds.
  path: Assets/Scenes/SampleScene.unity
  artifactKey: Guid(2cda990e2423bbf4892e6590ba056729) Importer(815301076,1909f56bfc062723c751e8b465ee728b)
Start importing Assets/Scenes/SampleScene.unity using Guid(2cda990e2423bbf4892e6590ba056729) Importer(815301076,1909f56bfc062723c751e8b465ee728b)  -> (artifact id: '6cecf62dd12b16d647b670a6b352fe2e') in 0.013563 seconds
  Import took 0.016344 seconds .

========================================================================
Received Import Request.
  Time since last request: 13.485905 seconds.
  path: Assets
  artifactKey: Guid(00000000000000001000000000000000) Importer(815301076,1909f56bfc062723c751e8b465ee728b)
Start importing Assets using Guid(00000000000000001000000000000000) Importer(815301076,1909f56bfc062723c751e8b465ee728b)  -> (artifact id: 'f47cf443bddc682ac2de11ea429897ce') in 0.006649 seconds
  Import took 0.009249 seconds .

========================================================================
Received Import Request.
  Time since last request: 15.776342 seconds.
  path: Assets/Scripts
  artifactKey: Guid(a046f6fd982f58e4cbfbd0511a342c49) Importer(815301076,1909f56bfc062723c751e8b465ee728b)
Start importing Assets/Scripts using Guid(a046f6fd982f58e4cbfbd0511a342c49) Importer(815301076,1909f56bfc062723c751e8b465ee728b)  -> (artifact id: 'ce6a721499fcda369276882591c88f25') in 0.014898 seconds
  Import took 0.017643 seconds .

========================================================================
Received Import Request.
  Time since last request: 94.239943 seconds.
  path: Assets/Scripts/BoardGenerator.cs
  artifactKey: Guid(cae3523427e82644bbb9b90225d711d9) Importer(815301076,1909f56bfc062723c751e8b465ee728b)
Start importing Assets/Scripts/BoardGenerator.cs using Guid(cae3523427e82644bbb9b90225d711d9) Importer(815301076,1909f56bfc062723c751e8b465ee728b)  -> (artifact id: '69c773071b0ccac5a933713bb30d71b0') in 0.031917 seconds
  Import took 0.034674 seconds .

========================================================================
Received Prepare
Registering precompiled user dll's ...
Registered in 0.000666 seconds.
Begin MonoManager ReloadAssembly
Native extension for WindowsStandalone target not found
Refreshing native plugins compatible for Editor in 0.38 ms, found 1 plugins.
Preloading 0 native plugins for Editor in 0.00 ms.
Invoked RoslynAnalysisRunner static constructor.
RoslynAnalysisRunner will not be running.
RoslynAnalysisRunner has terminated.
Mono: successfully reloaded assembly
- Completed reload, in  0.619 seconds
Platform modules already initialized, skipping
Refreshing native plugins compatible for Editor in 0.35 ms, found 1 plugins.
Preloading 0 native plugins for Editor in 0.00 ms.
Unloading 1792 Unused Serialized files (Serialized files now loaded: 0)
System memory in use before: 87.0 MB.
System memory in use after: 87.0 MB.

Unloading 12 unused Assets to reduce memory usage. Loaded Objects now: 2241.
Total: 1.881500 ms (FindLiveObjects: 0.193400 ms CreateObjectMapping: 0.041500 ms MarkObjects: 1.539900 ms  DeleteObjects: 0.105900 ms)

========================================================================
Received Prepare
Registering precompiled user dll's ...
Registered in 0.000685 seconds.
Begin MonoManager ReloadAssembly
Native extension for WindowsStandalone target not found
Refreshing native plugins compatible for Editor in 0.36 ms, found 1 plugins.
Preloading 0 native plugins for Editor in 0.00 ms.
Invoked RoslynAnalysisRunner static constructor.
RoslynAnalysisRunner will not be running.
RoslynAnalysisRunner has terminated.
Mono: successfully reloaded assembly
- Completed reload, in  0.605 seconds
Platform modules already initialized, skipping
Refreshing native plugins compatible for Editor in 0.24 ms, found 1 plugins.
Preloading 0 native plugins for Editor in 0.00 ms.
Unloading 1792 Unused Serialized files (Serialized files now loaded: 0)
System memory in use before: 87.1 MB.
System memory in use after: 87.1 MB.

Unloading 12 unused Assets to reduce memory usage. Loaded Objects now: 2244.
Total: 1.948300 ms (FindLiveObjects: 0.202200 ms CreateObjectMapping: 0.048700 ms MarkObjects: 1.580800 ms  DeleteObjects: 0.115700 ms)

========================================================================
Received Import Request.
  Time since last request: 73.424709 seconds.
  path: Assets/Images
  artifactKey: Guid(87995b0418352874c84091a7c2575813) Importer(815301076,1909f56bfc062723c751e8b465ee728b)
Start importing Assets/Images using Guid(87995b0418352874c84091a7c2575813) Importer(815301076,1909f56bfc062723c751e8b465ee728b)  -> (artifact id: '928ca64935b990b664408447323e418d') in 0.008545 seconds
  Import took 0.011182 seconds .

========================================================================
Received Import Request.
  Time since last request: 81.461957 seconds.
  path: Assets/Images/board.png
  artifactKey: Guid(fbf24854f7e63aa4ba8da8e700bf066e) Importer(815301076,1909f56bfc062723c751e8b465ee728b)
Start importing Assets/Images/board.png using Guid(fbf24854f7e63aa4ba8da8e700bf066e) Importer(815301076,1909f56bfc062723c751e8b465ee728b)  -> (artifact id: 'e102c06c18b87185b66a90cdf3342399') in 0.080102 seconds
  Import took 0.082917 seconds .

========================================================================
Received Import Request.
  Time since last request: 16.239030 seconds.
  path: Assets/Scripts/BoardGenerator.cs
  artifactKey: Guid(cae3523427e82644bbb9b90225d711d9) Importer(815301076,1909f56bfc062723c751e8b465ee728b)
Start importing Assets/Scripts/BoardGenerator.cs using Guid(cae3523427e82644bbb9b90225d711d9) Importer(815301076,1909f56bfc062723c751e8b465ee728b)  -> (artifact id: '133f60b32bf939c29743580c177dfa3b') in 0.002847 seconds
  Import took 0.005513 seconds .

========================================================================
Received Import Request.
  Time since last request: 371.528580 seconds.
  path: Assets/Images/board.png
  artifactKey: Guid(fbf24854f7e63aa4ba8da8e700bf066e) Importer(815301076,1909f56bfc062723c751e8b465ee728b)
Start importing Assets/Images/board.png using Guid(fbf24854f7e63aa4ba8da8e700bf066e) Importer(815301076,1909f56bfc062723c751e8b465ee728b)  -> (artifact id: 'e4bf9e4356dbd937ff30a0f5aaf4bdb3') in 0.016175 seconds
  Import took 0.019187 seconds .

========================================================================
Received Import Request.
  Time since last request: 51.434061 seconds.
  path: Assets/Images/board.png
  artifactKey: Guid(fbf24854f7e63aa4ba8da8e700bf066e) Importer(815301076,1909f56bfc062723c751e8b465ee728b)
Start importing Assets/Images/board.png using Guid(fbf24854f7e63aa4ba8da8e700bf066e) Importer(815301076,1909f56bfc062723c751e8b465ee728b)  -> (artifact id: 'db9fc5001539a257fec6c27efe5e95cd') in 0.063025 seconds
  Import took 0.065808 seconds .

========================================================================
Received Import Request.
  Time since last request: 14.756019 seconds.
  path: Assets/Images/board.png
  artifactKey: Guid(fbf24854f7e63aa4ba8da8e700bf066e) Importer(815301076,1909f56bfc062723c751e8b465ee728b)
Start importing Assets/Images/board.png using Guid(fbf24854f7e63aa4ba8da8e700bf066e) Importer(815301076,1909f56bfc062723c751e8b465ee728b)  -> (artifact id: 'b4d72b896a05dbc0be0a7289d1d6e8ea') in 0.007989 seconds
  Import took 0.010838 seconds .

========================================================================
Received Import Request.
  Time since last request: 7.432823 seconds.
  path: Assets/Images/board.png
  artifactKey: Guid(fbf24854f7e63aa4ba8da8e700bf066e) Importer(815301076,1909f56bfc062723c751e8b465ee728b)
Start importing Assets/Images/board.png using Guid(fbf24854f7e63aa4ba8da8e700bf066e) Importer(815301076,1909f56bfc062723c751e8b465ee728b)  -> (artifact id: 'a85d67e39495c485c972d7aaa854a1b1') in 0.014611 seconds
  Import took 0.017498 seconds .

========================================================================
Received Import Request.
  Time since last request: 75.174250 seconds.
  path: Assets/Images/board.png
  artifactKey: Guid(fbf24854f7e63aa4ba8da8e700bf066e) Importer(815301076,1909f56bfc062723c751e8b465ee728b)
Start importing Assets/Images/board.png using Guid(fbf24854f7e63aa4ba8da8e700bf066e) Importer(815301076,1909f56bfc062723c751e8b465ee728b)  -> (artifact id: '863977e81f212a6e44aea6abef034f78') in 0.009269 seconds
  Import took 0.012115 seconds .

========================================================================
Received Import Request.
  Time since last request: 0.003286 seconds.
  path: Assets/Images/board.png
  artifactKey: Guid(fbf24854f7e63aa4ba8da8e700bf066e) Importer(815301076,1909f56bfc062723c751e8b465ee728b)
Start importing Assets/Images/board.png using Guid(fbf24854f7e63aa4ba8da8e700bf066e) Importer(815301076,1909f56bfc062723c751e8b465ee728b)  -> (artifact id: '863977e81f212a6e44aea6abef034f78') in 0.063962 seconds
  Import took 0.066480 seconds .

========================================================================
Received Import Request.
  Time since last request: 222.812566 seconds.
  path: Assets/Images/board.prefab
  artifactKey: Guid(e3a717efd3ebfb54fa6952c1d1e16f98) Importer(815301076,1909f56bfc062723c751e8b465ee728b)
Start importing Assets/Images/board.prefab using Guid(e3a717efd3ebfb54fa6952c1d1e16f98) Importer(815301076,1909f56bfc062723c751e8b465ee728b)  -> (artifact id: '00ecacb307889c51bd06933f79cfa55e') in 0.207700 seconds
  Import took 0.210890 seconds .

========================================================================
Received Import Request.
  Time since last request: 14.781154 seconds.
  path: Assets/Prefabs
  artifactKey: Guid(e9212fd2f477d8e4699aa419ccc6d496) Importer(815301076,1909f56bfc062723c751e8b465ee728b)
Start importing Assets/Prefabs using Guid(e9212fd2f477d8e4699aa419ccc6d496) Importer(815301076,1909f56bfc062723c751e8b465ee728b)  -> (artifact id: 'fa0dcd7751f32c214ac79dfb381ca2f9') in 0.006799 seconds
  Import took 0.009468 seconds .

========================================================================
Received Import Request.
  Time since last request: 18.688548 seconds.
  path: Assets/Prefabs/board.prefab
  artifactKey: Guid(c7677c1ad6c460447800b33ad02c554d) Importer(815301076,1909f56bfc062723c751e8b465ee728b)
Start importing Assets/Prefabs/board.prefab using Guid(c7677c1ad6c460447800b33ad02c554d) Importer(815301076,1909f56bfc062723c751e8b465ee728b)  -> (artifact id: 'cc67bd60e7d5468609f1eb6b76f9db39') in 0.012302 seconds
  Import took 0.015301 seconds .

========================================================================
Received Prepare
Registering precompiled user dll's ...
Registered in 0.000744 seconds.
Begin MonoManager ReloadAssembly
Native extension for WindowsStandalone target not found
Refreshing native plugins compatible for Editor in 0.36 ms, found 1 plugins.
Preloading 0 native plugins for Editor in 0.00 ms.
Invoked RoslynAnalysisRunner static constructor.
RoslynAnalysisRunner will not be running.
RoslynAnalysisRunner has terminated.
Mono: successfully reloaded assembly
- Completed reload, in  0.602 seconds
Platform modules already initialized, skipping
Refreshing native plugins compatible for Editor in 0.25 ms, found 1 plugins.
Preloading 0 native plugins for Editor in 0.00 ms.
Unloading 1792 Unused Serialized files (Serialized files now loaded: 0)
System memory in use before: 90.2 MB.
System memory in use after: 90.2 MB.

Unloading 12 unused Assets to reduce memory usage. Loaded Objects now: 2259.
Total: 1.956700 ms (FindLiveObjects: 0.184300 ms CreateObjectMapping: 0.041000 ms MarkObjects: 1.616200 ms  DeleteObjects: 0.114300 ms)

========================================================================
Received Import Request.
  Time since last request: 141.984481 seconds.
  path: Assets/Scripts/BoardGenerator.cs
  artifactKey: Guid(cae3523427e82644bbb9b90225d711d9) Importer(815301076,1909f56bfc062723c751e8b465ee728b)
Start importing Assets/Scripts/BoardGenerator.cs using Guid(cae3523427e82644bbb9b90225d711d9) Importer(815301076,1909f56bfc062723c751e8b465ee728b)  -> (artifact id: '38bee399bd810f06ca294f957a0b9ba3') in 0.005512 seconds
  Import took 0.008227 seconds .

========================================================================
Received Import Request.
  Time since last request: 0.000324 seconds.
  path: Assets/Scripts/BoardGenerator.cs
  artifactKey: Guid(cae3523427e82644bbb9b90225d711d9) Importer(815301076,1909f56bfc062723c751e8b465ee728b)
Start importing Assets/Scripts/BoardGenerator.cs using Guid(cae3523427e82644bbb9b90225d711d9) Importer(815301076,1909f56bfc062723c751e8b465ee728b)  -> (artifact id: '38bee399bd810f06ca294f957a0b9ba3') in 0.002676 seconds
  Import took 0.004519 seconds .

========================================================================
Received Prepare
Registering precompiled user dll's ...
Registered in 0.000790 seconds.
Begin MonoManager ReloadAssembly
Native extension for WindowsStandalone target not found
Refreshing native plugins compatible for Editor in 0.37 ms, found 1 plugins.
Preloading 0 native plugins for Editor in 0.00 ms.
Invoked RoslynAnalysisRunner static constructor.
RoslynAnalysisRunner will not be running.
RoslynAnalysisRunner has terminated.
Mono: successfully reloaded assembly
- Completed reload, in  0.624 seconds
Platform modules already initialized, skipping
Refreshing native plugins compatible for Editor in 0.28 ms, found 1 plugins.
Preloading 0 native plugins for Editor in 0.00 ms.
Unloading 1792 Unused Serialized files (Serialized files now loaded: 0)
System memory in use before: 90.2 MB.
System memory in use after: 90.2 MB.

Unloading 12 unused Assets to reduce memory usage. Loaded Objects now: 2262.
Total: 1.789300 ms (FindLiveObjects: 0.204100 ms CreateObjectMapping: 0.053100 ms MarkObjects: 1.425300 ms  DeleteObjects: 0.105700 ms)

========================================================================
Received Import Request.
  Time since last request: 75.680438 seconds.
  path: Assets/Scripts/BoardGenerator.cs
  artifactKey: Guid(cae3523427e82644bbb9b90225d711d9) Importer(815301076,1909f56bfc062723c751e8b465ee728b)
Start importing Assets/Scripts/BoardGenerator.cs using Guid(cae3523427e82644bbb9b90225d711d9) Importer(815301076,1909f56bfc062723c751e8b465ee728b)  -> (artifact id: '458c681700f87a3eb97820a18271b9ba') in 0.007540 seconds
  Import took 0.010030 seconds .

========================================================================
Received Prepare
Registering precompiled user dll's ...
Registered in 0.000630 seconds.
Begin MonoManager ReloadAssembly
Native extension for WindowsStandalone target not found
Refreshing native plugins compatible for Editor in 0.37 ms, found 1 plugins.
Preloading 0 native plugins for Editor in 0.00 ms.
Invoked RoslynAnalysisRunner static constructor.
RoslynAnalysisRunner will not be running.
RoslynAnalysisRunner has terminated.
Mono: successfully reloaded assembly
- Completed reload, in  0.614 seconds
Platform modules already initialized, skipping
Refreshing native plugins compatible for Editor in 0.28 ms, found 1 plugins.
Preloading 0 native plugins for Editor in 0.00 ms.
Unloading 1792 Unused Serialized files (Serialized files now loaded: 0)
System memory in use before: 90.2 MB.
System memory in use after: 90.2 MB.

Unloading 12 unused Assets to reduce memory usage. Loaded Objects now: 2265.
Total: 1.968700 ms (FindLiveObjects: 0.203600 ms CreateObjectMapping: 0.048700 ms MarkObjects: 1.604800 ms  DeleteObjects: 0.110600 ms)

========================================================================
Received Prepare
Registering precompiled user dll's ...
Registered in 0.000657 seconds.
Begin MonoManager ReloadAssembly
Native extension for WindowsStandalone target not found
Refreshing native plugins compatible for Editor in 0.39 ms, found 1 plugins.
Preloading 0 native plugins for Editor in 0.00 ms.
Invoked RoslynAnalysisRunner static constructor.
RoslynAnalysisRunner will not be running.
RoslynAnalysisRunner has terminated.
Mono: successfully reloaded assembly
- Completed reload, in  0.651 seconds
Platform modules already initialized, skipping
Refreshing native plugins compatible for Editor in 0.39 ms, found 1 plugins.
Preloading 0 native plugins for Editor in 0.00 ms.
Unloading 1792 Unused Serialized files (Serialized files now loaded: 0)
System memory in use before: 90.2 MB.
System memory in use after: 90.2 MB.

Unloading 12 unused Assets to reduce memory usage. Loaded Objects now: 2268.
Total: 1.854600 ms (FindLiveObjects: 0.227200 ms CreateObjectMapping: 0.044300 ms MarkObjects: 1.472200 ms  DeleteObjects: 0.110100 ms)

========================================================================
Received Prepare
Registering precompiled user dll's ...
Registered in 0.000646 seconds.
Begin MonoManager ReloadAssembly
Native extension for WindowsStandalone target not found
Refreshing native plugins compatible for Editor in 0.38 ms, found 1 plugins.
Preloading 0 native plugins for Editor in 0.00 ms.
Invoked RoslynAnalysisRunner static constructor.
RoslynAnalysisRunner will not be running.
RoslynAnalysisRunner has terminated.
Mono: successfully reloaded assembly
- Completed reload, in  0.601 seconds
Platform modules already initialized, skipping
Refreshing native plugins compatible for Editor in 0.31 ms, found 1 plugins.
Preloading 0 native plugins for Editor in 0.00 ms.
Unloading 1792 Unused Serialized files (Serialized files now loaded: 0)
System memory in use before: 90.2 MB.
System memory in use after: 90.2 MB.

Unloading 12 unused Assets to reduce memory usage. Loaded Objects now: 2271.
Total: 1.956700 ms (FindLiveObjects: 0.203200 ms CreateObjectMapping: 0.048700 ms MarkObjects: 1.581700 ms  DeleteObjects: 0.122000 ms)

========================================================================
Received Prepare
Registering precompiled user dll's ...
Registered in 0.000602 seconds.
Begin MonoManager ReloadAssembly
Native extension for WindowsStandalone target not found
Refreshing native plugins compatible for Editor in 0.37 ms, found 1 plugins.
Preloading 0 native plugins for Editor in 0.00 ms.
Invoked RoslynAnalysisRunner static constructor.
RoslynAnalysisRunner will not be running.
RoslynAnalysisRunner has terminated.
Mono: successfully reloaded assembly
- Completed reload, in  0.598 seconds
Platform modules already initialized, skipping
Refreshing native plugins compatible for Editor in 0.32 ms, found 1 plugins.
Preloading 0 native plugins for Editor in 0.00 ms.
Unloading 1792 Unused Serialized files (Serialized files now loaded: 0)
System memory in use before: 90.2 MB.
System memory in use after: 90.2 MB.

Unloading 12 unused Assets to reduce memory usage. Loaded Objects now: 2274.
Total: 1.900000 ms (FindLiveObjects: 0.192800 ms CreateObjectMapping: 0.041500 ms MarkObjects: 1.547500 ms  DeleteObjects: 0.117300 ms)

========================================================================
Received Prepare
Registering precompiled user dll's ...
Registered in 0.000798 seconds.
Begin MonoManager ReloadAssembly
Native extension for WindowsStandalone target not found
Refreshing native plugins compatible for Editor in 0.36 ms, found 1 plugins.
Preloading 0 native plugins for Editor in 0.00 ms.
Invoked RoslynAnalysisRunner static constructor.
RoslynAnalysisRunner will not be running.
RoslynAnalysisRunner has terminated.
Mono: successfully reloaded assembly
- Completed reload, in  0.605 seconds
Platform modules already initialized, skipping
Refreshing native plugins compatible for Editor in 0.28 ms, found 1 plugins.
Preloading 0 native plugins for Editor in 0.00 ms.
Unloading 1792 Unused Serialized files (Serialized files now loaded: 0)
System memory in use before: 90.2 MB.
System memory in use after: 90.2 MB.

Unloading 12 unused Assets to reduce memory usage. Loaded Objects now: 2277.
Total: 1.987400 ms (FindLiveObjects: 0.220600 ms CreateObjectMapping: 0.041000 ms MarkObjects: 1.610200 ms  DeleteObjects: 0.114800 ms)

========================================================================
Received Prepare
Registering precompiled user dll's ...
Registered in 0.000912 seconds.
Begin MonoManager ReloadAssembly
Native extension for WindowsStandalone target not found
Refreshing native plugins compatible for Editor in 0.36 ms, found 1 plugins.
Preloading 0 native plugins for Editor in 0.00 ms.
Invoked RoslynAnalysisRunner static constructor.
RoslynAnalysisRunner will not be running.
RoslynAnalysisRunner has terminated.
Mono: successfully reloaded assembly
- Completed reload, in  0.615 seconds
Platform modules already initialized, skipping
Refreshing native plugins compatible for Editor in 0.34 ms, found 1 plugins.
Preloading 0 native plugins for Editor in 0.00 ms.
Unloading 1792 Unused Serialized files (Serialized files now loaded: 0)
System memory in use before: 90.2 MB.
System memory in use after: 90.2 MB.

Unloading 12 unused Assets to reduce memory usage. Loaded Objects now: 2280.
Total: 1.935300 ms (FindLiveObjects: 0.339600 ms CreateObjectMapping: 0.045000 ms MarkObjects: 1.441900 ms  DeleteObjects: 0.107900 ms)

========================================================================
Received Prepare
Registering precompiled user dll's ...
Registered in 0.000770 seconds.
Begin MonoManager ReloadAssembly
Native extension for WindowsStandalone target not found
Refreshing native plugins compatible for Editor in 0.37 ms, found 1 plugins.
Preloading 0 native plugins for Editor in 0.00 ms.
Invoked RoslynAnalysisRunner static constructor.
RoslynAnalysisRunner will not be running.
RoslynAnalysisRunner has terminated.
Mono: successfully reloaded assembly
- Completed reload, in  0.614 seconds
Platform modules already initialized, skipping
Refreshing native plugins compatible for Editor in 0.36 ms, found 1 plugins.
Preloading 0 native plugins for Editor in 0.00 ms.
Unloading 1792 Unused Serialized files (Serialized files now loaded: 0)
System memory in use before: 90.2 MB.
System memory in use after: 90.2 MB.

Unloading 12 unused Assets to reduce memory usage. Loaded Objects now: 2283.
Total: 2.033700 ms (FindLiveObjects: 0.239000 ms CreateObjectMapping: 0.051200 ms MarkObjects: 1.632300 ms  DeleteObjects: 0.110200 ms)

========================================================================
Received Prepare
Registering precompiled user dll's ...
Registered in 0.000712 seconds.
Begin MonoManager ReloadAssembly
Native extension for WindowsStandalone target not found
Refreshing native plugins compatible for Editor in 0.36 ms, found 1 plugins.
Preloading 0 native plugins for Editor in 0.00 ms.
Invoked RoslynAnalysisRunner static constructor.
RoslynAnalysisRunner will not be running.
RoslynAnalysisRunner has terminated.
Mono: successfully reloaded assembly
- Completed reload, in  0.610 seconds
Platform modules already initialized, skipping
Refreshing native plugins compatible for Editor in 0.29 ms, found 1 plugins.
Preloading 0 native plugins for Editor in 0.00 ms.
Unloading 1792 Unused Serialized files (Serialized files now loaded: 0)
System memory in use before: 90.3 MB.
System memory in use after: 90.2 MB.

Unloading 12 unused Assets to reduce memory usage. Loaded Objects now: 2286.
Total: 1.926300 ms (FindLiveObjects: 0.186300 ms CreateObjectMapping: 0.041800 ms MarkObjects: 1.570200 ms  DeleteObjects: 0.127100 ms)

========================================================================
Received Import Request.
  Time since last request: 1380.881608 seconds.
  path: Assets/Scripts/BoardGenerator.cs
  artifactKey: Guid(cae3523427e82644bbb9b90225d711d9) Importer(815301076,1909f56bfc062723c751e8b465ee728b)
Start importing Assets/Scripts/BoardGenerator.cs using Guid(cae3523427e82644bbb9b90225d711d9) Importer(815301076,1909f56bfc062723c751e8b465ee728b)  -> (artifact id: 'c87e2219859412d3212d8da056347322') in 0.008702 seconds
  Import took 0.011452 seconds .

========================================================================
Received Import Request.
  Time since last request: 0.004279 seconds.
  path: Assets/Scripts/BoardGenerator.cs
  artifactKey: Guid(cae3523427e82644bbb9b90225d711d9) Importer(815301076,1909f56bfc062723c751e8b465ee728b)
Start importing Assets/Scripts/BoardGenerator.cs using Guid(cae3523427e82644bbb9b90225d711d9) Importer(815301076,1909f56bfc062723c751e8b465ee728b)  -> (artifact id: 'c87e2219859412d3212d8da056347322') in 0.003072 seconds
  Import took 0.005416 seconds .

========================================================================
Received Prepare
Registering precompiled user dll's ...
Registered in 0.000682 seconds.
Begin MonoManager ReloadAssembly
Native extension for WindowsStandalone target not found
Refreshing native plugins compatible for Editor in 0.35 ms, found 1 plugins.
Preloading 0 native plugins for Editor in 0.00 ms.
Invoked RoslynAnalysisRunner static constructor.
RoslynAnalysisRunner will not be running.
RoslynAnalysisRunner has terminated.
Mono: successfully reloaded assembly
- Completed reload, in  0.612 seconds
Platform modules already initialized, skipping
Refreshing native plugins compatible for Editor in 0.28 ms, found 1 plugins.
Preloading 0 native plugins for Editor in 0.00 ms.
Unloading 1792 Unused Serialized files (Serialized files now loaded: 0)
System memory in use before: 90.3 MB.
System memory in use after: 90.3 MB.

Unloading 12 unused Assets to reduce memory usage. Loaded Objects now: 2289.
Total: 2.065900 ms (FindLiveObjects: 0.220300 ms CreateObjectMapping: 0.045100 ms MarkObjects: 1.686500 ms  DeleteObjects: 0.112700 ms)

========================================================================
Received Prepare
Registering precompiled user dll's ...
Registered in 0.000997 seconds.
Begin MonoManager ReloadAssembly
Native extension for WindowsStandalone target not found
Refreshing native plugins compatible for Editor in 0.38 ms, found 1 plugins.
Preloading 0 native plugins for Editor in 0.00 ms.
Invoked RoslynAnalysisRunner static constructor.
RoslynAnalysisRunner will not be running.
RoslynAnalysisRunner has terminated.
Mono: successfully reloaded assembly
- Completed reload, in  0.615 seconds
Platform modules already initialized, skipping
Refreshing native plugins compatible for Editor in 0.33 ms, found 1 plugins.
Preloading 0 native plugins for Editor in 0.00 ms.
Unloading 1792 Unused Serialized files (Serialized files now loaded: 0)
System memory in use before: 90.3 MB.
System memory in use after: 90.3 MB.

Unloading 12 unused Assets to reduce memory usage. Loaded Objects now: 2292.
Total: 2.055600 ms (FindLiveObjects: 0.236500 ms CreateObjectMapping: 0.051700 ms MarkObjects: 1.640500 ms  DeleteObjects: 0.125900 ms)

========================================================================
Received Prepare
Registering precompiled user dll's ...
Registered in 0.000640 seconds.
Begin MonoManager ReloadAssembly
Native extension for WindowsStandalone target not found
Refreshing native plugins compatible for Editor in 0.36 ms, found 1 plugins.
Preloading 0 native plugins for Editor in 0.00 ms.
Invoked RoslynAnalysisRunner static constructor.
RoslynAnalysisRunner will not be running.
RoslynAnalysisRunner has terminated.
Mono: successfully reloaded assembly
- Completed reload, in  0.601 seconds
Platform modules already initialized, skipping
Refreshing native plugins compatible for Editor in 0.27 ms, found 1 plugins.
Preloading 0 native plugins for Editor in 0.00 ms.
Unloading 1792 Unused Serialized files (Serialized files now loaded: 0)
System memory in use before: 90.3 MB.
System memory in use after: 90.3 MB.

Unloading 12 unused Assets to reduce memory usage. Loaded Objects now: 2295.
Total: 1.998800 ms (FindLiveObjects: 0.209200 ms CreateObjectMapping: 0.048500 ms MarkObjects: 1.618300 ms  DeleteObjects: 0.121800 ms)

========================================================================
Received Prepare
Registering precompiled user dll's ...
Registered in 0.000679 seconds.
Begin MonoManager ReloadAssembly
Native extension for WindowsStandalone target not found
Refreshing native plugins compatible for Editor in 0.37 ms, found 1 plugins.
Preloading 0 native plugins for Editor in 0.00 ms.
Invoked RoslynAnalysisRunner static constructor.
RoslynAnalysisRunner will not be running.
RoslynAnalysisRunner has terminated.
Mono: successfully reloaded assembly
- Completed reload, in  0.608 seconds
Platform modules already initialized, skipping
Refreshing native plugins compatible for Editor in 0.32 ms, found 1 plugins.
Preloading 0 native plugins for Editor in 0.00 ms.
Unloading 1792 Unused Serialized files (Serialized files now loaded: 0)
System memory in use before: 90.3 MB.
System memory in use after: 90.3 MB.

Unloading 12 unused Assets to reduce memory usage. Loaded Objects now: 2298.
Total: 1.773400 ms (FindLiveObjects: 0.222800 ms CreateObjectMapping: 0.045500 ms MarkObjects: 1.409200 ms  DeleteObjects: 0.094800 ms)

========================================================================
Received Prepare
Registering precompiled user dll's ...
Registered in 0.000672 seconds.
Begin MonoManager ReloadAssembly
Native extension for WindowsStandalone target not found
Refreshing native plugins compatible for Editor in 0.36 ms, found 1 plugins.
Preloading 0 native plugins for Editor in 0.00 ms.
Invoked RoslynAnalysisRunner static constructor.
RoslynAnalysisRunner will not be running.
RoslynAnalysisRunner has terminated.
Mono: successfully reloaded assembly
- Completed reload, in  0.600 seconds
Platform modules already initialized, skipping
Refreshing native plugins compatible for Editor in 0.33 ms, found 1 plugins.
Preloading 0 native plugins for Editor in 0.00 ms.
Unloading 1792 Unused Serialized files (Serialized files now loaded: 0)
System memory in use before: 90.3 MB.
System memory in use after: 90.3 MB.

Unloading 12 unused Assets to reduce memory usage. Loaded Objects now: 2301.
Total: 2.001400 ms (FindLiveObjects: 0.196500 ms CreateObjectMapping: 0.041800 ms MarkObjects: 1.646200 ms  DeleteObjects: 0.116000 ms)

========================================================================
Received Prepare
Registering precompiled user dll's ...
Registered in 0.000643 seconds.
Begin MonoManager ReloadAssembly
Native extension for WindowsStandalone target not found
Refreshing native plugins compatible for Editor in 0.36 ms, found 1 plugins.
Preloading 0 native plugins for Editor in 0.00 ms.
Invoked RoslynAnalysisRunner static constructor.
RoslynAnalysisRunner will not be running.
RoslynAnalysisRunner has terminated.
Mono: successfully reloaded assembly
- Completed reload, in  0.600 seconds
Platform modules already initialized, skipping
Refreshing native plugins compatible for Editor in 0.27 ms, found 1 plugins.
Preloading 0 native plugins for Editor in 0.00 ms.
Unloading 1792 Unused Serialized files (Serialized files now loaded: 0)
System memory in use before: 90.3 MB.
System memory in use after: 90.3 MB.

Unloading 12 unused Assets to reduce memory usage. Loaded Objects now: 2304.
Total: 1.823800 ms (FindLiveObjects: 0.205000 ms CreateObjectMapping: 0.049500 ms MarkObjects: 1.482900 ms  DeleteObjects: 0.085600 ms)

========================================================================
Received Prepare
Registering precompiled user dll's ...
Registered in 0.000857 seconds.
Begin MonoManager ReloadAssembly
Native extension for WindowsStandalone target not found
Refreshing native plugins compatible for Editor in 0.37 ms, found 1 plugins.
Preloading 0 native plugins for Editor in 0.00 ms.
Invoked RoslynAnalysisRunner static constructor.
RoslynAnalysisRunner will not be running.
RoslynAnalysisRunner has terminated.
Mono: successfully reloaded assembly
- Completed reload, in  0.606 seconds
Platform modules already initialized, skipping
Refreshing native plugins compatible for Editor in 0.30 ms, found 1 plugins.
Preloading 0 native plugins for Editor in 0.00 ms.
Unloading 1792 Unused Serialized files (Serialized files now loaded: 0)
System memory in use before: 90.3 MB.
System memory in use after: 90.3 MB.

Unloading 12 unused Assets to reduce memory usage. Loaded Objects now: 2307.
Total: 2.001300 ms (FindLiveObjects: 0.202200 ms CreateObjectMapping: 0.041900 ms MarkObjects: 1.632100 ms  DeleteObjects: 0.123600 ms)

========================================================================
Received Prepare
Registering precompiled user dll's ...
Registered in 0.000628 seconds.
Begin MonoManager ReloadAssembly
Native extension for WindowsStandalone target not found
Refreshing native plugins compatible for Editor in 0.37 ms, found 1 plugins.
Preloading 0 native plugins for Editor in 0.00 ms.
Invoked RoslynAnalysisRunner static constructor.
RoslynAnalysisRunner will not be running.
RoslynAnalysisRunner has terminated.
Mono: successfully reloaded assembly
- Completed reload, in  0.607 seconds
Platform modules already initialized, skipping
Refreshing native plugins compatible for Editor in 0.28 ms, found 1 plugins.
Preloading 0 native plugins for Editor in 0.00 ms.
Unloading 1792 Unused Serialized files (Serialized files now loaded: 0)
System memory in use before: 90.3 MB.
System memory in use after: 90.3 MB.

Unloading 12 unused Assets to reduce memory usage. Loaded Objects now: 2310.
Total: 1.809200 ms (FindLiveObjects: 0.199900 ms CreateObjectMapping: 0.042900 ms MarkObjects: 1.466000 ms  DeleteObjects: 0.099700 ms)

========================================================================
Received Prepare
Registering precompiled user dll's ...
Registered in 0.000641 seconds.
Begin MonoManager ReloadAssembly
Native extension for WindowsStandalone target not found
Refreshing native plugins compatible for Editor in 0.37 ms, found 1 plugins.
Preloading 0 native plugins for Editor in 0.00 ms.
Invoked RoslynAnalysisRunner static constructor.
RoslynAnalysisRunner will not be running.
RoslynAnalysisRunner has terminated.
Mono: successfully reloaded assembly
- Completed reload, in  0.617 seconds
Platform modules already initialized, skipping
Refreshing native plugins compatible for Editor in 0.28 ms, found 1 plugins.
Preloading 0 native plugins for Editor in 0.00 ms.
Unloading 1792 Unused Serialized files (Serialized files now loaded: 0)
System memory in use before: 90.3 MB.
System memory in use after: 90.3 MB.

Unloading 12 unused Assets to reduce memory usage. Loaded Objects now: 2313.
Total: 1.821100 ms (FindLiveObjects: 0.202900 ms CreateObjectMapping: 0.045800 ms MarkObjects: 1.460800 ms  DeleteObjects: 0.110400 ms)

========================================================================
Received Prepare
Registering precompiled user dll's ...
Registered in 0.000651 seconds.
Begin MonoManager ReloadAssembly
Native extension for WindowsStandalone target not found
Refreshing native plugins compatible for Editor in 0.38 ms, found 1 plugins.
Preloading 0 native plugins for Editor in 0.00 ms.
Invoked RoslynAnalysisRunner static constructor.
RoslynAnalysisRunner will not be running.
RoslynAnalysisRunner has terminated.
Mono: successfully reloaded assembly
- Completed reload, in  0.608 seconds
Platform modules already initialized, skipping
Refreshing native plugins compatible for Editor in 0.39 ms, found 1 plugins.
Preloading 0 native plugins for Editor in 0.00 ms.
Unloading 1792 Unused Serialized files (Serialized files now loaded: 0)
System memory in use before: 90.3 MB.
System memory in use after: 90.3 MB.

Unloading 12 unused Assets to reduce memory usage. Loaded Objects now: 2316.
Total: 1.932100 ms (FindLiveObjects: 0.206100 ms CreateObjectMapping: 0.043800 ms MarkObjects: 1.564300 ms  DeleteObjects: 0.116900 ms)

========================================================================
Received Prepare
Registering precompiled user dll's ...
Registered in 0.000714 seconds.
Begin MonoManager ReloadAssembly
Native extension for WindowsStandalone target not found
Refreshing native plugins compatible for Editor in 0.36 ms, found 1 plugins.
Preloading 0 native plugins for Editor in 0.00 ms.
Invoked RoslynAnalysisRunner static constructor.
RoslynAnalysisRunner will not be running.
RoslynAnalysisRunner has terminated.
Mono: successfully reloaded assembly
- Completed reload, in  0.597 seconds
Platform modules already initialized, skipping
Refreshing native plugins compatible for Editor in 0.27 ms, found 1 plugins.
Preloading 0 native plugins for Editor in 0.00 ms.
Unloading 1792 Unused Serialized files (Serialized files now loaded: 0)
System memory in use before: 90.4 MB.
System memory in use after: 90.3 MB.

Unloading 12 unused Assets to reduce memory usage. Loaded Objects now: 2319.
Total: 2.078900 ms (FindLiveObjects: 0.225500 ms CreateObjectMapping: 0.050700 ms MarkObjects: 1.682400 ms  DeleteObjects: 0.119000 ms)

========================================================================
Received Import Request.
  Time since last request: 479.396700 seconds.
  path: Assets/Prefabs/board.prefab
  artifactKey: Guid(c7677c1ad6c460447800b33ad02c554d) Importer(815301076,1909f56bfc062723c751e8b465ee728b)
Start importing Assets/Prefabs/board.prefab using Guid(c7677c1ad6c460447800b33ad02c554d) Importer(815301076,1909f56bfc062723c751e8b465ee728b)  -> (artifact id: '186786f8e17b5b90b3fe806ea4d3a0fc') in 0.046900 seconds
  Import took 0.049861 seconds .

========================================================================
Received Prepare
Registering precompiled user dll's ...
Registered in 0.000847 seconds.
Begin MonoManager ReloadAssembly
Native extension for WindowsStandalone target not found
Refreshing native plugins compatible for Editor in 0.36 ms, found 1 plugins.
Preloading 0 native plugins for Editor in 0.00 ms.
Invoked RoslynAnalysisRunner static constructor.
RoslynAnalysisRunner will not be running.
RoslynAnalysisRunner has terminated.
Mono: successfully reloaded assembly
- Completed reload, in  0.612 seconds
Platform modules already initialized, skipping
Refreshing native plugins compatible for Editor in 0.29 ms, found 1 plugins.
Preloading 0 native plugins for Editor in 0.00 ms.
Unloading 1792 Unused Serialized files (Serialized files now loaded: 0)
System memory in use before: 90.4 MB.
System memory in use after: 90.4 MB.

Unloading 12 unused Assets to reduce memory usage. Loaded Objects now: 2323.
Total: 1.952600 ms (FindLiveObjects: 0.199700 ms CreateObjectMapping: 0.049500 ms MarkObjects: 1.584500 ms  DeleteObjects: 0.118100 ms)

========================================================================
Received Prepare
Registering precompiled user dll's ...
Registered in 0.000719 seconds.
Begin MonoManager ReloadAssembly
Native extension for WindowsStandalone target not found
Refreshing native plugins compatible for Editor in 0.38 ms, found 1 plugins.
Preloading 0 native plugins for Editor in 0.00 ms.
Invoked RoslynAnalysisRunner static constructor.
RoslynAnalysisRunner will not be running.
RoslynAnalysisRunner has terminated.
Mono: successfully reloaded assembly
- Completed reload, in  0.615 seconds
Platform modules already initialized, skipping
Refreshing native plugins compatible for Editor in 0.27 ms, found 1 plugins.
Preloading 0 native plugins for Editor in 0.00 ms.
Unloading 1792 Unused Serialized files (Serialized files now loaded: 0)
System memory in use before: 90.4 MB.
System memory in use after: 90.4 MB.

Unloading 12 unused Assets to reduce memory usage. Loaded Objects now: 2326.
Total: 1.922000 ms (FindLiveObjects: 0.202500 ms CreateObjectMapping: 0.049700 ms MarkObjects: 1.555600 ms  DeleteObjects: 0.113000 ms)

========================================================================
Received Prepare
Registering precompiled user dll's ...
Registered in 0.000633 seconds.
Begin MonoManager ReloadAssembly
Native extension for WindowsStandalone target not found
Refreshing native plugins compatible for Editor in 0.37 ms, found 1 plugins.
Preloading 0 native plugins for Editor in 0.00 ms.
Invoked RoslynAnalysisRunner static constructor.
RoslynAnalysisRunner will not be running.
RoslynAnalysisRunner has terminated.
Mono: successfully reloaded assembly
- Completed reload, in  0.601 seconds
Platform modules already initialized, skipping
Refreshing native plugins compatible for Editor in 0.25 ms, found 1 plugins.
Preloading 0 native plugins for Editor in 0.00 ms.
Unloading 1792 Unused Serialized files (Serialized files now loaded: 0)
System memory in use before: 90.4 MB.
System memory in use after: 90.4 MB.

Unloading 12 unused Assets to reduce memory usage. Loaded Objects now: 2329.
Total: 2.013400 ms (FindLiveObjects: 0.229500 ms CreateObjectMapping: 0.045400 ms MarkObjects: 1.620000 ms  DeleteObjects: 0.117500 ms)

========================================================================
Received Prepare
Registering precompiled user dll's ...
Registered in 0.000639 seconds.
Begin MonoManager ReloadAssembly
Native extension for WindowsStandalone target not found
Refreshing native plugins compatible for Editor in 0.37 ms, found 1 plugins.
Preloading 0 native plugins for Editor in 0.00 ms.
Invoked RoslynAnalysisRunner static constructor.
RoslynAnalysisRunner will not be running.
RoslynAnalysisRunner has terminated.
Mono: successfully reloaded assembly
- Completed reload, in  0.610 seconds
Platform modules already initialized, skipping
Refreshing native plugins compatible for Editor in 0.33 ms, found 1 plugins.
Preloading 0 native plugins for Editor in 0.00 ms.
Unloading 1792 Unused Serialized files (Serialized files now loaded: 0)
System memory in use before: 90.4 MB.
System memory in use after: 90.4 MB.

Unloading 12 unused Assets to reduce memory usage. Loaded Objects now: 2332.
Total: 1.992100 ms (FindLiveObjects: 0.212900 ms CreateObjectMapping: 0.049200 ms MarkObjects: 1.609300 ms  DeleteObjects: 0.119700 ms)

========================================================================
Received Prepare
Registering precompiled user dll's ...
Registered in 0.000816 seconds.
Begin MonoManager ReloadAssembly
Native extension for WindowsStandalone target not found
Refreshing native plugins compatible for Editor in 0.36 ms, found 1 plugins.
Preloading 0 native plugins for Editor in 0.00 ms.
Invoked RoslynAnalysisRunner static constructor.
RoslynAnalysisRunner will not be running.
RoslynAnalysisRunner has terminated.
Mono: successfully reloaded assembly
- Completed reload, in  0.605 seconds
Platform modules already initialized, skipping
Refreshing native plugins compatible for Editor in 0.33 ms, found 1 plugins.
Preloading 0 native plugins for Editor in 0.00 ms.
Unloading 1792 Unused Serialized files (Serialized files now loaded: 0)
System memory in use before: 90.4 MB.
System memory in use after: 90.4 MB.

Unloading 12 unused Assets to reduce memory usage. Loaded Objects now: 2335.
Total: 1.975500 ms (FindLiveObjects: 0.218800 ms CreateObjectMapping: 0.043300 ms MarkObjects: 1.601600 ms  DeleteObjects: 0.110700 ms)

========================================================================
Received Prepare
Registering precompiled user dll's ...
Registered in 0.000857 seconds.
Begin MonoManager ReloadAssembly
Native extension for WindowsStandalone target not found
Refreshing native plugins compatible for Editor in 0.39 ms, found 1 plugins.
Preloading 0 native plugins for Editor in 0.00 ms.
Invoked RoslynAnalysisRunner static constructor.
RoslynAnalysisRunner will not be running.
RoslynAnalysisRunner has terminated.
Mono: successfully reloaded assembly
- Completed reload, in  0.605 seconds
Platform modules already initialized, skipping
Refreshing native plugins compatible for Editor in 0.35 ms, found 1 plugins.
Preloading 0 native plugins for Editor in 0.00 ms.
Unloading 1792 Unused Serialized files (Serialized files now loaded: 0)
System memory in use before: 90.4 MB.
System memory in use after: 90.4 MB.

Unloading 12 unused Assets to reduce memory usage. Loaded Objects now: 2338.
Total: 1.972100 ms (FindLiveObjects: 0.208700 ms CreateObjectMapping: 0.042500 ms MarkObjects: 1.597600 ms  DeleteObjects: 0.122100 ms)

========================================================================
Received Import Request.
  Time since last request: 258.156032 seconds.
  path: Assets/Prefabs/board.prefab
  artifactKey: Guid(c7677c1ad6c460447800b33ad02c554d) Importer(815301076,1909f56bfc062723c751e8b465ee728b)
Start importing Assets/Prefabs/board.prefab using Guid(c7677c1ad6c460447800b33ad02c554d) Importer(815301076,1909f56bfc062723c751e8b465ee728b)  -> (artifact id: '302df231d94afc1c260e882cbaea4968') in 0.041474 seconds
  Import took 0.044206 seconds .

AssetImportWorkerClient::OnTransportError - code=2 error=End of file
